[02-Apr-2025 20:00:59 UTC] PHP Warning:  Undefined array key "host" in /workspaces/Assignment4/.wordpress/wp-includes/pluggable.php on line 1625
[02-Apr-2025 21:24:38 UTC] PHP Warning:  Undefined variable $parent_theme_name in /workspaces/Assignment4/.wordpress/wp-content/mu-plugins/one-click-child-theme/templates/create_child_form.php on line 18
[02-Apr-2025 21:48:10 UTC] PHP Warning:  Attempt to read property "ID" on null in /workspaces/Assignment4/.wordpress/wp-includes/rest-api/endpoints/class-wp-rest-autosaves-controller.php on line 167
[02-Apr-2025 21:48:10 UTC] PHP Warning:  Attempt to read property "ID" on null in /workspaces/Assignment4/.wordpress/wp-includes/rest-api/endpoints/class-wp-rest-autosaves-controller.php on line 167
[02-Apr-2025 21:52:41 UTC] PHP Warning:  Attempt to read property "ID" on null in /workspaces/Assignment4/.wordpress/wp-includes/rest-api/endpoints/class-wp-rest-autosaves-controller.php on line 167
[02-Apr-2025 21:52:41 UTC] PHP Warning:  Attempt to read property "ID" on null in /workspaces/Assignment4/.wordpress/wp-includes/rest-api/endpoints/class-wp-rest-autosaves-controller.php on line 167
[02-Apr-2025 22:13:30 UTC] PHP Warning:  Attempt to read property "ID" on null in /workspaces/Assignment4/.wordpress/wp-includes/rest-api/endpoints/class-wp-rest-autosaves-controller.php on line 167
[02-Apr-2025 22:13:30 UTC] PHP Warning:  Attempt to read property "ID" on null in /workspaces/Assignment4/.wordpress/wp-includes/rest-api/endpoints/class-wp-rest-autosaves-controller.php on line 167
[02-Apr-2025 22:14:37 UTC] PHP Warning:  Attempt to read property "ID" on null in /workspaces/Assignment4/.wordpress/wp-includes/rest-api/endpoints/class-wp-rest-autosaves-controller.php on line 167
[02-Apr-2025 22:14:37 UTC] PHP Warning:  Attempt to read property "ID" on null in /workspaces/Assignment4/.wordpress/wp-includes/rest-api/endpoints/class-wp-rest-autosaves-controller.php on line 167
[02-Apr-2025 22:16:34 UTC] PHP Warning:  Attempt to read property "ID" on null in /workspaces/Assignment4/.wordpress/wp-includes/rest-api/endpoints/class-wp-rest-autosaves-controller.php on line 167
[02-Apr-2025 22:16:34 UTC] PHP Warning:  Attempt to read property "ID" on null in /workspaces/Assignment4/.wordpress/wp-includes/rest-api/endpoints/class-wp-rest-autosaves-controller.php on line 167
[03-Apr-2025 00:45:05 UTC] PHP Fatal error:  Out of memory (allocated 31457280) (tried to allocate 4096 bytes) in /workspaces/Assignment4/.wordpress/wp-includes/rest-api/class-wp-rest-server.php on line 908
[03-Apr-2025 02:19:40 UTC] PHP Warning:  include(/workspaces/Assignment4/.wordpress/wp-content/themes/twentytwentyfive/functions.php): Failed to open stream: No such file or directory in /workspaces/Assignment4/.wordpress/wp-settings.php on line 672
[03-Apr-2025 02:19:40 UTC] PHP Warning:  include(): Failed opening '/workspaces/Assignment4/.wordpress/wp-content/themes/twentytwentyfive/functions.php' for inclusion (include_path='.:') in /workspaces/Assignment4/.wordpress/wp-settings.php on line 672
[03-Apr-2025 02:19:40 UTC] PHP Warning:  file_get_contents(/workspaces/Assignment4/.wordpress/wp-content/themes/twentytwentyfive/style.css): Failed to open stream: No such file or directory in /workspaces/Assignment4/.wordpress/wp-includes/functions.php on line 6893
[03-Apr-2025 02:19:40 UTC] PHP Warning:  file_get_contents(/workspaces/Assignment4/.wordpress/wp-content/themes/twentytwentyfive/style.css): Failed to open stream: No such file or directory in /workspaces/Assignment4/.wordpress/wp-includes/functions.php on line 6893
[03-Apr-2025 02:20:34 UTC] PHP Warning:  include(/workspaces/Assignment4/.wordpress/wp-content/themes/twentytwentyfive/functions.php): Failed to open stream: No such file or directory in /workspaces/Assignment4/.wordpress/wp-settings.php on line 672
[03-Apr-2025 02:20:34 UTC] PHP Warning:  include(): Failed opening '/workspaces/Assignment4/.wordpress/wp-content/themes/twentytwentyfive/functions.php' for inclusion (include_path='.:') in /workspaces/Assignment4/.wordpress/wp-settings.php on line 672
[03-Apr-2025 02:20:34 UTC] PHP Warning:  file_get_contents(/workspaces/Assignment4/.wordpress/wp-content/themes/twentytwentyfive/style.css): Failed to open stream: No such file or directory in /workspaces/Assignment4/.wordpress/wp-includes/functions.php on line 6893
[03-Apr-2025 02:20:36 UTC] PHP Warning:  include(/workspaces/Assignment4/.wordpress/wp-content/themes/twentytwentyfive/functions.php): Failed to open stream: No such file or directory in /workspaces/Assignment4/.wordpress/wp-settings.php on line 672
[03-Apr-2025 02:20:36 UTC] PHP Warning:  include(): Failed opening '/workspaces/Assignment4/.wordpress/wp-content/themes/twentytwentyfive/functions.php' for inclusion (include_path='.:') in /workspaces/Assignment4/.wordpress/wp-settings.php on line 672
[03-Apr-2025 02:20:36 UTC] PHP Warning:  file_get_contents(/workspaces/Assignment4/.wordpress/wp-content/themes/twentytwentyfive/style.css): Failed to open stream: No such file or directory in /workspaces/Assignment4/.wordpress/wp-includes/functions.php on line 6893
[03-Apr-2025 02:20:36 UTC] PHP Warning:  Cannot modify header information - headers already sent by (output started at /workspaces/Assignment4/.wordpress/wp-settings.php:672) in /workspaces/Assignment4/.wordpress/wp-admin/includes/misc.php on line 1438
[03-Apr-2025 02:20:36 UTC] PHP Warning:  Cannot modify header information - headers already sent by (output started at /workspaces/Assignment4/.wordpress/wp-settings.php:672) in /workspaces/Assignment4/.wordpress/wp-includes/functions.php on line 7137
[03-Apr-2025 02:20:36 UTC] PHP Warning:  Undefined array key "style.css" in /workspaces/Assignment4/.wordpress/wp-admin/theme-editor.php on line 92
[03-Apr-2025 02:20:36 UTC] PHP Warning:  Cannot modify header information - headers already sent by (output started at /workspaces/Assignment4/.wordpress/wp-settings.php:672) in /workspaces/Assignment4/.wordpress/wp-admin/admin-header.php on line 9
[03-Apr-2025 02:21:25 UTC] PHP Warning:  include(/workspaces/Assignment4/.wordpress/wp-content/themes/twentytwentyfive/functions.php): Failed to open stream: No such file or directory in /workspaces/Assignment4/.wordpress/wp-settings.php on line 672
[03-Apr-2025 02:21:25 UTC] PHP Warning:  include(): Failed opening '/workspaces/Assignment4/.wordpress/wp-content/themes/twentytwentyfive/functions.php' for inclusion (include_path='.:') in /workspaces/Assignment4/.wordpress/wp-settings.php on line 672
[03-Apr-2025 02:21:25 UTC] PHP Warning:  file_get_contents(/workspaces/Assignment4/.wordpress/wp-content/themes/twentytwentyfive/style.css): Failed to open stream: No such file or directory in /workspaces/Assignment4/.wordpress/wp-includes/functions.php on line 6893
[03-Apr-2025 02:21:25 UTC] PHP Warning:  Cannot modify header information - headers already sent by (output started at /workspaces/Assignment4/.wordpress/wp-settings.php:672) in /workspaces/Assignment4/.wordpress/wp-admin/includes/misc.php on line 1438
[03-Apr-2025 02:21:25 UTC] PHP Warning:  Cannot modify header information - headers already sent by (output started at /workspaces/Assignment4/.wordpress/wp-settings.php:672) in /workspaces/Assignment4/.wordpress/wp-includes/functions.php on line 7137
[03-Apr-2025 02:21:25 UTC] PHP Warning:  Cannot modify header information - headers already sent by (output started at /workspaces/Assignment4/.wordpress/wp-settings.php:672) in /workspaces/Assignment4/.wordpress/wp-admin/admin-header.php on line 9
[03-Apr-2025 02:22:29 UTC] PHP Warning:  include(/workspaces/Assignment4/.wordpress/wp-content/themes/twentytwentyfive/functions.php): Failed to open stream: No such file or directory in /workspaces/Assignment4/.wordpress/wp-settings.php on line 672
[03-Apr-2025 02:22:29 UTC] PHP Warning:  include(): Failed opening '/workspaces/Assignment4/.wordpress/wp-content/themes/twentytwentyfive/functions.php' for inclusion (include_path='.:') in /workspaces/Assignment4/.wordpress/wp-settings.php on line 672
[03-Apr-2025 02:22:29 UTC] PHP Warning:  file_get_contents(/workspaces/Assignment4/.wordpress/wp-content/themes/twentytwentyfive/style.css): Failed to open stream: No such file or directory in /workspaces/Assignment4/.wordpress/wp-includes/functions.php on line 6893
[03-Apr-2025 02:23:29 UTC] PHP Warning:  include(/workspaces/Assignment4/.wordpress/wp-content/themes/twentytwentyfive/functions.php): Failed to open stream: No such file or directory in /workspaces/Assignment4/.wordpress/wp-settings.php on line 672
[03-Apr-2025 02:23:29 UTC] PHP Warning:  include(): Failed opening '/workspaces/Assignment4/.wordpress/wp-content/themes/twentytwentyfive/functions.php' for inclusion (include_path='.:') in /workspaces/Assignment4/.wordpress/wp-settings.php on line 672
[03-Apr-2025 02:23:29 UTC] PHP Warning:  file_get_contents(/workspaces/Assignment4/.wordpress/wp-content/themes/twentytwentyfive/style.css): Failed to open stream: No such file or directory in /workspaces/Assignment4/.wordpress/wp-includes/functions.php on line 6893
[03-Apr-2025 02:24:39 UTC] PHP Warning:  include(/workspaces/Assignment4/.wordpress/wp-content/themes/twentytwentyfive/functions.php): Failed to open stream: No such file or directory in /workspaces/Assignment4/.wordpress/wp-settings.php on line 672
[03-Apr-2025 02:24:39 UTC] PHP Warning:  include(): Failed opening '/workspaces/Assignment4/.wordpress/wp-content/themes/twentytwentyfive/functions.php' for inclusion (include_path='.:') in /workspaces/Assignment4/.wordpress/wp-settings.php on line 672
[03-Apr-2025 02:24:39 UTC] PHP Warning:  file_get_contents(/workspaces/Assignment4/.wordpress/wp-content/themes/twentytwentyfive/style.css): Failed to open stream: No such file or directory in /workspaces/Assignment4/.wordpress/wp-includes/functions.php on line 6893
[03-Apr-2025 02:25:16 UTC] PHP Warning:  include(/workspaces/Assignment4/.wordpress/wp-content/themes/twentytwentyfive/functions.php): Failed to open stream: No such file or directory in /workspaces/Assignment4/.wordpress/wp-settings.php on line 672
[03-Apr-2025 02:25:16 UTC] PHP Warning:  include(): Failed opening '/workspaces/Assignment4/.wordpress/wp-content/themes/twentytwentyfive/functions.php' for inclusion (include_path='.:') in /workspaces/Assignment4/.wordpress/wp-settings.php on line 672
[03-Apr-2025 02:25:16 UTC] PHP Warning:  file_get_contents(/workspaces/Assignment4/.wordpress/wp-content/themes/twentytwentyfive/style.css): Failed to open stream: No such file or directory in /workspaces/Assignment4/.wordpress/wp-includes/functions.php on line 6893
[03-Apr-2025 02:25:16 UTC] PHP Warning:  Cannot modify header information - headers already sent by (output started at /workspaces/Assignment4/.wordpress/wp-settings.php:672) in /workspaces/Assignment4/.wordpress/wp-admin/includes/misc.php on line 1438
[03-Apr-2025 02:25:16 UTC] PHP Warning:  Cannot modify header information - headers already sent by (output started at /workspaces/Assignment4/.wordpress/wp-settings.php:672) in /workspaces/Assignment4/.wordpress/wp-includes/functions.php on line 7137
[03-Apr-2025 02:25:16 UTC] PHP Warning:  Cannot modify header information - headers already sent by (output started at /workspaces/Assignment4/.wordpress/wp-settings.php:672) in /workspaces/Assignment4/.wordpress/wp-includes/pluggable.php on line 1435
[03-Apr-2025 02:25:16 UTC] PHP Warning:  Cannot modify header information - headers already sent by (output started at /workspaces/Assignment4/.wordpress/wp-settings.php:672) in /workspaces/Assignment4/.wordpress/wp-includes/pluggable.php on line 1438
[03-Apr-2025 02:26:14 UTC] PHP Warning:  include(/workspaces/Assignment4/.wordpress/wp-content/themes/twentytwentyfive/functions.php): Failed to open stream: No such file or directory in /workspaces/Assignment4/.wordpress/wp-settings.php on line 672
[03-Apr-2025 02:26:14 UTC] PHP Warning:  include(): Failed opening '/workspaces/Assignment4/.wordpress/wp-content/themes/twentytwentyfive/functions.php' for inclusion (include_path='.:') in /workspaces/Assignment4/.wordpress/wp-settings.php on line 672
[03-Apr-2025 02:26:14 UTC] PHP Warning:  file_get_contents(/workspaces/Assignment4/.wordpress/wp-content/themes/twentytwentyfive/style.css): Failed to open stream: No such file or directory in /workspaces/Assignment4/.wordpress/wp-includes/functions.php on line 6893
[03-Apr-2025 02:27:13 UTC] PHP Warning:  include(/workspaces/Assignment4/.wordpress/wp-content/themes/twentytwentyfive/functions.php): Failed to open stream: No such file or directory in /workspaces/Assignment4/.wordpress/wp-settings.php on line 672
[03-Apr-2025 02:27:13 UTC] PHP Warning:  include(): Failed opening '/workspaces/Assignment4/.wordpress/wp-content/themes/twentytwentyfive/functions.php' for inclusion (include_path='.:') in /workspaces/Assignment4/.wordpress/wp-settings.php on line 672
[03-Apr-2025 02:27:13 UTC] PHP Warning:  file_get_contents(/workspaces/Assignment4/.wordpress/wp-content/themes/twentytwentyfive/style.css): Failed to open stream: No such file or directory in /workspaces/Assignment4/.wordpress/wp-includes/functions.php on line 6893
[03-Apr-2025 02:27:16 UTC] PHP Warning:  include(/workspaces/Assignment4/.wordpress/wp-content/themes/twentytwentyfive/functions.php): Failed to open stream: No such file or directory in /workspaces/Assignment4/.wordpress/wp-settings.php on line 672
[03-Apr-2025 02:27:16 UTC] PHP Warning:  include(): Failed opening '/workspaces/Assignment4/.wordpress/wp-content/themes/twentytwentyfive/functions.php' for inclusion (include_path='.:') in /workspaces/Assignment4/.wordpress/wp-settings.php on line 672
[03-Apr-2025 02:27:16 UTC] PHP Warning:  file_get_contents(/workspaces/Assignment4/.wordpress/wp-content/themes/twentytwentyfive/style.css): Failed to open stream: No such file or directory in /workspaces/Assignment4/.wordpress/wp-includes/functions.php on line 6893
[03-Apr-2025 02:27:17 UTC] PHP Warning:  Cannot modify header information - headers already sent by (output started at /workspaces/Assignment4/.wordpress/wp-settings.php:672) in /workspaces/Assignment4/.wordpress/wp-admin/includes/misc.php on line 1438
[03-Apr-2025 02:27:17 UTC] PHP Warning:  Cannot modify header information - headers already sent by (output started at /workspaces/Assignment4/.wordpress/wp-settings.php:672) in /workspaces/Assignment4/.wordpress/wp-includes/functions.php on line 7137
[03-Apr-2025 02:27:17 UTC] PHP Warning:  Cannot modify header information - headers already sent by (output started at /workspaces/Assignment4/.wordpress/wp-settings.php:672) in /workspaces/Assignment4/.wordpress/wp-admin/admin-header.php on line 9
[03-Apr-2025 02:27:21 UTC] PHP Warning:  include(/workspaces/Assignment4/.wordpress/wp-content/themes/twentytwentyfive/functions.php): Failed to open stream: No such file or directory in /workspaces/Assignment4/.wordpress/wp-settings.php on line 672
[03-Apr-2025 02:27:21 UTC] PHP Warning:  include(): Failed opening '/workspaces/Assignment4/.wordpress/wp-content/themes/twentytwentyfive/functions.php' for inclusion (include_path='.:') in /workspaces/Assignment4/.wordpress/wp-settings.php on line 672
[03-Apr-2025 02:27:21 UTC] PHP Warning:  file_get_contents(/workspaces/Assignment4/.wordpress/wp-content/themes/twentytwentyfive/style.css): Failed to open stream: No such file or directory in /workspaces/Assignment4/.wordpress/wp-includes/functions.php on line 6893
[03-Apr-2025 02:27:21 UTC] PHP Warning:  Cannot modify header information - headers already sent by (output started at /workspaces/Assignment4/.wordpress/wp-settings.php:672) in /workspaces/Assignment4/.wordpress/wp-admin/includes/misc.php on line 1438
[03-Apr-2025 02:27:21 UTC] PHP Warning:  Cannot modify header information - headers already sent by (output started at /workspaces/Assignment4/.wordpress/wp-settings.php:672) in /workspaces/Assignment4/.wordpress/wp-includes/functions.php on line 7137
[03-Apr-2025 02:27:21 UTC] PHP Warning:  Cannot modify header information - headers already sent by (output started at /workspaces/Assignment4/.wordpress/wp-settings.php:672) in /workspaces/Assignment4/.wordpress/wp-admin/admin-header.php on line 9
[03-Apr-2025 02:27:28 UTC] PHP Warning:  include(/workspaces/Assignment4/.wordpress/wp-content/themes/twentytwentyfive/functions.php): Failed to open stream: No such file or directory in /workspaces/Assignment4/.wordpress/wp-settings.php on line 672
[03-Apr-2025 02:27:28 UTC] PHP Warning:  include(): Failed opening '/workspaces/Assignment4/.wordpress/wp-content/themes/twentytwentyfive/functions.php' for inclusion (include_path='.:') in /workspaces/Assignment4/.wordpress/wp-settings.php on line 672
[03-Apr-2025 02:27:28 UTC] PHP Warning:  file_get_contents(/workspaces/Assignment4/.wordpress/wp-content/themes/twentytwentyfive/style.css): Failed to open stream: No such file or directory in /workspaces/Assignment4/.wordpress/wp-includes/functions.php on line 6893
[03-Apr-2025 02:27:29 UTC] PHP Warning:  Cannot modify header information - headers already sent by (output started at /workspaces/Assignment4/.wordpress/wp-settings.php:672) in /workspaces/Assignment4/.wordpress/wp-admin/includes/misc.php on line 1438
[03-Apr-2025 02:27:29 UTC] PHP Warning:  Cannot modify header information - headers already sent by (output started at /workspaces/Assignment4/.wordpress/wp-settings.php:672) in /workspaces/Assignment4/.wordpress/wp-includes/functions.php on line 7137
[03-Apr-2025 02:27:29 UTC] PHP Warning:  Cannot modify header information - headers already sent by (output started at /workspaces/Assignment4/.wordpress/wp-settings.php:672) in /workspaces/Assignment4/.wordpress/wp-admin/admin-header.php on line 9
[03-Apr-2025 02:28:23 UTC] PHP Warning:  include(/workspaces/Assignment4/.wordpress/wp-content/themes/twentytwentyfive/functions.php): Failed to open stream: No such file or directory in /workspaces/Assignment4/.wordpress/wp-settings.php on line 672
[03-Apr-2025 02:28:23 UTC] PHP Warning:  include(): Failed opening '/workspaces/Assignment4/.wordpress/wp-content/themes/twentytwentyfive/functions.php' for inclusion (include_path='.:') in /workspaces/Assignment4/.wordpress/wp-settings.php on line 672
[03-Apr-2025 02:28:23 UTC] PHP Warning:  file_get_contents(/workspaces/Assignment4/.wordpress/wp-content/themes/twentytwentyfive/style.css): Failed to open stream: No such file or directory in /workspaces/Assignment4/.wordpress/wp-includes/functions.php on line 6893
[03-Apr-2025 02:28:30 UTC] PHP Warning:  include(/workspaces/Assignment4/.wordpress/wp-content/themes/twentytwentyfive/functions.php): Failed to open stream: No such file or directory in /workspaces/Assignment4/.wordpress/wp-settings.php on line 672
[03-Apr-2025 02:28:30 UTC] PHP Warning:  include(): Failed opening '/workspaces/Assignment4/.wordpress/wp-content/themes/twentytwentyfive/functions.php' for inclusion (include_path='.:') in /workspaces/Assignment4/.wordpress/wp-settings.php on line 672
[03-Apr-2025 02:28:30 UTC] PHP Warning:  file_get_contents(/workspaces/Assignment4/.wordpress/wp-content/themes/twentytwentyfive/style.css): Failed to open stream: No such file or directory in /workspaces/Assignment4/.wordpress/wp-includes/functions.php on line 6893
[03-Apr-2025 02:29:23 UTC] PHP Warning:  include(/workspaces/Assignment4/.wordpress/wp-content/themes/twentytwentyfive/functions.php): Failed to open stream: No such file or directory in /workspaces/Assignment4/.wordpress/wp-settings.php on line 672
[03-Apr-2025 02:29:23 UTC] PHP Warning:  include(): Failed opening '/workspaces/Assignment4/.wordpress/wp-content/themes/twentytwentyfive/functions.php' for inclusion (include_path='.:') in /workspaces/Assignment4/.wordpress/wp-settings.php on line 672
[03-Apr-2025 02:29:23 UTC] PHP Warning:  file_get_contents(/workspaces/Assignment4/.wordpress/wp-content/themes/twentytwentyfive/style.css): Failed to open stream: No such file or directory in /workspaces/Assignment4/.wordpress/wp-includes/functions.php on line 6893
[03-Apr-2025 02:30:01 UTC] PHP Warning:  include(/workspaces/Assignment4/.wordpress/wp-content/themes/twentytwentyfive/functions.php): Failed to open stream: No such file or directory in /workspaces/Assignment4/.wordpress/wp-settings.php on line 672
[03-Apr-2025 02:30:01 UTC] PHP Warning:  include(): Failed opening '/workspaces/Assignment4/.wordpress/wp-content/themes/twentytwentyfive/functions.php' for inclusion (include_path='.:') in /workspaces/Assignment4/.wordpress/wp-settings.php on line 672
[03-Apr-2025 02:30:01 UTC] PHP Warning:  file_get_contents(/workspaces/Assignment4/.wordpress/wp-content/themes/twentytwentyfive/style.css): Failed to open stream: No such file or directory in /workspaces/Assignment4/.wordpress/wp-includes/functions.php on line 6893
[03-Apr-2025 02:30:01 UTC] PHP Warning:  Cannot modify header information - headers already sent by (output started at /workspaces/Assignment4/.wordpress/wp-settings.php:672) in /workspaces/Assignment4/.wordpress/wp-admin/includes/misc.php on line 1438
[03-Apr-2025 02:30:01 UTC] PHP Warning:  Cannot modify header information - headers already sent by (output started at /workspaces/Assignment4/.wordpress/wp-settings.php:672) in /workspaces/Assignment4/.wordpress/wp-includes/functions.php on line 7137
[03-Apr-2025 02:30:01 UTC] PHP Warning:  Cannot modify header information - headers already sent by (output started at /workspaces/Assignment4/.wordpress/wp-settings.php:672) in /workspaces/Assignment4/.wordpress/wp-admin/admin-header.php on line 9
[03-Apr-2025 02:30:04 UTC] PHP Warning:  include(/workspaces/Assignment4/.wordpress/wp-content/themes/twentytwentyfive/functions.php): Failed to open stream: No such file or directory in /workspaces/Assignment4/.wordpress/wp-settings.php on line 672
[03-Apr-2025 02:30:04 UTC] PHP Warning:  include(): Failed opening '/workspaces/Assignment4/.wordpress/wp-content/themes/twentytwentyfive/functions.php' for inclusion (include_path='.:') in /workspaces/Assignment4/.wordpress/wp-settings.php on line 672
[03-Apr-2025 02:30:04 UTC] PHP Warning:  file_get_contents(/workspaces/Assignment4/.wordpress/wp-content/themes/twentytwentyfive/style.css): Failed to open stream: No such file or directory in /workspaces/Assignment4/.wordpress/wp-includes/functions.php on line 6893
[03-Apr-2025 02:30:04 UTC] PHP Warning:  Cannot modify header information - headers already sent by (output started at /workspaces/Assignment4/.wordpress/wp-settings.php:672) in /workspaces/Assignment4/.wordpress/wp-admin/includes/misc.php on line 1438
[03-Apr-2025 02:30:04 UTC] PHP Warning:  Cannot modify header information - headers already sent by (output started at /workspaces/Assignment4/.wordpress/wp-settings.php:672) in /workspaces/Assignment4/.wordpress/wp-includes/functions.php on line 7137
[03-Apr-2025 02:30:04 UTC] PHP Warning:  Cannot modify header information - headers already sent by (output started at /workspaces/Assignment4/.wordpress/wp-settings.php:672) in /workspaces/Assignment4/.wordpress/wp-admin/admin-header.php on line 9
[03-Apr-2025 02:30:11 UTC] PHP Warning:  include(/workspaces/Assignment4/.wordpress/wp-content/themes/twentytwentyfive/functions.php): Failed to open stream: No such file or directory in /workspaces/Assignment4/.wordpress/wp-settings.php on line 672
[03-Apr-2025 02:30:11 UTC] PHP Warning:  include(): Failed opening '/workspaces/Assignment4/.wordpress/wp-content/themes/twentytwentyfive/functions.php' for inclusion (include_path='.:') in /workspaces/Assignment4/.wordpress/wp-settings.php on line 672
[03-Apr-2025 02:30:11 UTC] PHP Warning:  file_get_contents(/workspaces/Assignment4/.wordpress/wp-content/themes/twentytwentyfive/style.css): Failed to open stream: No such file or directory in /workspaces/Assignment4/.wordpress/wp-includes/functions.php on line 6893
[03-Apr-2025 02:30:11 UTC] PHP Warning:  Cannot modify header information - headers already sent by (output started at /workspaces/Assignment4/.wordpress/wp-settings.php:672) in /workspaces/Assignment4/.wordpress/wp-admin/includes/misc.php on line 1438
[03-Apr-2025 02:30:11 UTC] PHP Warning:  Cannot modify header information - headers already sent by (output started at /workspaces/Assignment4/.wordpress/wp-settings.php:672) in /workspaces/Assignment4/.wordpress/wp-includes/functions.php on line 7137
[03-Apr-2025 02:30:11 UTC] PHP Warning:  Cannot modify header information - headers already sent by (output started at /workspaces/Assignment4/.wordpress/wp-settings.php:672) in /workspaces/Assignment4/.wordpress/wp-includes/pluggable.php on line 1435
[03-Apr-2025 02:30:11 UTC] PHP Warning:  Cannot modify header information - headers already sent by (output started at /workspaces/Assignment4/.wordpress/wp-settings.php:672) in /workspaces/Assignment4/.wordpress/wp-includes/pluggable.php on line 1438
[03-Apr-2025 02:30:30 UTC] PHP Warning:  include(/workspaces/Assignment4/.wordpress/wp-content/themes/twentytwentyfive/functions.php): Failed to open stream: No such file or directory in /workspaces/Assignment4/.wordpress/wp-settings.php on line 672
[03-Apr-2025 02:30:30 UTC] PHP Warning:  include(): Failed opening '/workspaces/Assignment4/.wordpress/wp-content/themes/twentytwentyfive/functions.php' for inclusion (include_path='.:') in /workspaces/Assignment4/.wordpress/wp-settings.php on line 672
[03-Apr-2025 02:30:30 UTC] PHP Warning:  file_get_contents(/workspaces/Assignment4/.wordpress/wp-content/themes/twentytwentyfive/style.css): Failed to open stream: No such file or directory in /workspaces/Assignment4/.wordpress/wp-includes/functions.php on line 6893
